# JRE version: OpenJDK Runtime Environment (8.0_202-b03) (build 1.8.0_202-release-1483-b03)
# Java VM: OpenJDK 64-Bit Server VM (25.202-b03 mixed mode windows-amd64 compressed oops)
Heap:
 PSYoungGen      total 72192K, used 63703K [0x0000000780800000, 0x0000000785700000, 0x00000007c0000000)
  eden space 64000K, 99% used [0x0000000780800000,0x0000000784635c28,0x0000000784680000)
  from space 8192K, 0% used [0x0000000784f00000,0x0000000784f00000,0x0000000785700000)
  to   space 8192K, 0% used [0x0000000784700000,0x0000000784700000,0x0000000784f00000)
 ParOldGen       total 172544K, used 21707K [0x0000000701800000, 0x000000070c080000, 0x0000000780800000)
  object space 172544K, 12% used [0x0000000701800000,0x0000000702d32d48,0x000000070c080000)
 Metaspace       used 39257K, capacity 39832K, committed 40192K, reserved 1085440K
  class space    used 4894K, capacity 5032K, committed 5120K, reserved 1048576K
GC Heap History (10 events):
Event: 1.586 GC heap before
{Heap before GC invocations=2 (full 0):
 PSYoungGen      total 57344K, used 41096K [0x0000000780800000, 0x0000000784800000, 0x00000007c0000000)
  eden space 49152K, 66% used [0x0000000780800000,0x00000007828225c0,0x0000000783800000)
  from space 8192K, 99% used [0x0000000783800000,0x0000000783fffdd0,0x0000000784000000)
  to   space 8192K, 0% used [0x0000000784000000,0x0000000784000000,0x0000000784800000)
 ParOldGen       total 131072K, used 3688K [0x0000000701800000, 0x0000000709800000, 0x0000000780800000)
  object space 131072K, 2% used [0x0000000701800000,0x0000000701b9a2f8,0x0000000709800000)
 Metaspace       used 20678K, capacity 21116K, committed 21296K, reserved 1069056K
  class space    used 2451K, capacity 2593K, committed 2688K, reserved 1048576K
Event: 1.601 GC heap after
Heap after GC invocations=2 (full 0):
 PSYoungGen      total 57344K, used 8164K [0x0000000780800000, 0x0000000787800000, 0x00000007c0000000)
  eden space 49152K, 0% used [0x0000000780800000,0x0000000780800000,0x0000000783800000)
  from space 8192K, 99% used [0x0000000784000000,0x00000007847f9380,0x0000000784800000)
  to   space 8192K, 0% used [0x0000000783800000,0x0000000783800000,0x0000000784000000)
 ParOldGen       total 131072K, used 7635K [0x0000000701800000, 0x0000000709800000, 0x0000000780800000)
  object space 131072K, 5% used [0x0000000701800000,0x0000000701f74ee0,0x0000000709800000)
 Metaspace       used 20678K, capacity 21116K, committed 21296K, reserved 1069056K
  class space    used 2451K, capacity 2593K, committed 2688K, reserved 1048576K
}
Event: 1.601 GC heap before
{Heap before GC invocations=3 (full 1):
 PSYoungGen      total 57344K, used 8164K [0x0000000780800000, 0x0000000787800000, 0x00000007c0000000)
  eden space 49152K, 0% used [0x0000000780800000,0x0000000780800000,0x0000000783800000)
  from space 8192K, 99% used [0x0000000784000000,0x00000007847f9380,0x0000000784800000)
  to   space 8192K, 0% used [0x0000000783800000,0x0000000783800000,0x0000000784000000)
 ParOldGen       total 131072K, used 7635K [0x0000000701800000, 0x0000000709800000, 0x0000000780800000)
  object space 131072K, 5% used [0x0000000701800000,0x0000000701f74ee0,0x0000000709800000)
 Metaspace       used 20678K, capacity 21116K, committed 21296K, reserved 1069056K
  class space    used 2451K, capacity 2593K, committed 2688K, reserved 1048576K
Event: 1.664 GC heap after
Heap after GC invocations=3 (full 1):
 PSYoungGen      total 57344K, used 0K [0x0000000780800000, 0x0000000787800000, 0x00000007c0000000)
  eden space 49152K, 0% used [0x0000000780800000,0x0000000780800000,0x0000000783800000)
  from space 8192K, 0% used [0x0000000784000000,0x0000000784000000,0x0000000784800000)
  to   space 8192K, 0% used [0x0000000783800000,0x0000000783800000,0x0000000784000000)
 ParOldGen       total 98816K, used 11704K [0x0000000701800000, 0x0000000707880000, 0x0000000780800000)
  object space 98816K, 11% used [0x0000000701800000,0x000000070236e288,0x0000000707880000)
 Metaspace       used 20678K, capacity 21116K, committed 21296K, reserved 1069056K
  class space    used 2451K, capacity 2593K, committed 2688K, reserved 1048576K
}
Event: 2.366 GC heap before
{Heap before GC invocations=4 (full 1):
 PSYoungGen      total 57344K, used 49152K [0x0000000780800000, 0x0000000787800000, 0x00000007c0000000)
  eden space 49152K, 100% used [0x0000000780800000,0x0000000783800000,0x0000000783800000)
  from space 8192K, 0% used [0x0000000784000000,0x0000000784000000,0x0000000784800000)
  to   space 8192K, 0% used [0x0000000783800000,0x0000000783800000,0x0000000784000000)
 ParOldGen       total 98816K, used 11704K [0x0000000701800000, 0x0000000707880000, 0x0000000780800000)
  object space 98816K, 11% used [0x0000000701800000,0x000000070236e288,0x0000000707880000)
 Metaspace       used 26964K, capacity 27538K, committed 27776K, reserved 1073152K
  class space    used 3250K, capacity 3416K, committed 3456K, reserved 1048576K
Event: 2.377 GC heap after
Heap after GC invocations=4 (full 1):
 PSYoungGen      total 57344K, used 8165K [0x0000000780800000, 0x0000000785700000, 0x00000007c0000000)
  eden space 49152K, 0% used [0x0000000780800000,0x0000000780800000,0x0000000783800000)
  from space 8192K, 99% used [0x0000000783800000,0x0000000783ff97d8,0x0000000784000000)
  to   space 8192K, 0% used [0x0000000784f00000,0x0000000784f00000,0x0000000785700000)
 ParOldGen       total 98816K, used 15706K [0x0000000701800000, 0x0000000707880000, 0x0000000780800000)
  object space 98816K, 15% used [0x0000000701800000,0x00000007027568c8,0x0000000707880000)
 Metaspace       used 26964K, capacity 27538K, committed 27776K, reserved 1073152K
  class space    used 3250K, capacity 3416K, committed 3456K, reserved 1048576K
}
Event: 3.124 GC heap before
{Heap before GC invocations=5 (full 1):
 PSYoungGen      total 57344K, used 51234K [0x0000000780800000, 0x0000000785700000, 0x00000007c0000000)
  eden space 49152K, 87% used [0x0000000780800000,0x000000078320f3a8,0x0000000783800000)
  from space 8192K, 99% used [0x0000000783800000,0x0000000783ff97d8,0x0000000784000000)
  to   space 8192K, 0% used [0x0000000784f00000,0x0000000784f00000,0x0000000785700000)
 ParOldGen       total 98816K, used 15706K [0x0000000701800000, 0x0000000707880000, 0x0000000780800000)
  object space 98816K, 15% used [0x0000000701800000,0x00000007027568c8,0x0000000707880000)
 Metaspace       used 34747K, capacity 35300K, committed 35456K, reserved 1079296K
  class space    used 4506K, capacity 4665K, committed 4736K, reserved 1048576K
Event: 3.135 GC heap after
Heap after GC invocations=5 (full 1):
 PSYoungGen      total 72192K, used 8165K [0x0000000780800000, 0x0000000785700000, 0x00000007c0000000)
  eden space 64000K, 0% used [0x0000000780800000,0x0000000780800000,0x0000000784680000)
  from space 8192K, 99% used [0x0000000784f00000,0x00000007856f9598,0x0000000785700000)
  to   space 8192K, 0% used [0x0000000784700000,0x0000000784700000,0x0000000784f00000)
 ParOldGen       total 98816K, used 23798K [0x0000000701800000, 0x0000000707880000, 0x0000000780800000)
  object space 98816K, 24% used [0x0000000701800000,0x0000000702f3dbd8,0x0000000707880000)
 Metaspace       used 34747K, capacity 35300K, committed 35456K, reserved 1079296K
  class space    used 4506K, capacity 4665K, committed 4736K, reserved 1048576K
}
Event: 3.135 GC heap before
{Heap before GC invocations=6 (full 2):
 PSYoungGen      total 72192K, used 8165K [0x0000000780800000, 0x0000000785700000, 0x00000007c0000000)
  eden space 64000K, 0% used [0x0000000780800000,0x0000000780800000,0x0000000784680000)
  from space 8192K, 99% used [0x0000000784f00000,0x00000007856f9598,0x0000000785700000)
  to   space 8192K, 0% used [0x0000000784700000,0x0000000784700000,0x0000000784f00000)
 ParOldGen       total 98816K, used 23798K [0x0000000701800000, 0x0000000707880000, 0x0000000780800000)
  object space 98816K, 24% used [0x0000000701800000,0x0000000702f3dbd8,0x0000000707880000)
 Metaspace       used 34747K, capacity 35300K, committed 35456K, reserved 1079296K
  class space    used 4506K, capacity 4665K, committed 4736K, reserved 1048576K
Event: 3.203 GC heap after
Heap after GC invocations=6 (full 2):
 PSYoungGen      total 72192K, used 0K [0x0000000780800000, 0x0000000785700000, 0x00000007c0000000)
  eden space 64000K, 0% used [0x0000000780800000,0x0000000780800000,0x0000000784680000)
  from space 8192K, 0% used [0x0000000784f00000,0x0000000784f00000,0x0000000785700000)
  to   space 8192K, 0% used [0x0000000784700000,0x0000000784700000,0x0000000784f00000)
 ParOldGen       total 172544K, used 21707K [0x0000000701800000, 0x000000070c080000, 0x0000000780800000)
  object space 172544K, 12% used [0x0000000701800000,0x0000000702d32d48,0x000000070c080000)
 Metaspace       used 34747K, capacity 35300K, committed 35456K, reserved 1079296K
  class space    used 4506K, capacity 4665K, committed 4736K, reserved 1048576K
}

