# JRE version: OpenJDK Runtime Environment (8.0_202-b03) (build 1.8.0_202-release-1483-b03)
# Java VM: OpenJDK 64-Bit Server VM (25.202-b03 mixed mode windows-amd64 compressed oops)
Heap:
 PSYoungGen      total 344064K, used 16933K [0x00000000e0000000, 0x00000000f6d00000, 0x0000000100000000)
  eden space 321024K, 5% used [0x00000000e0000000,0x00000000e1089668,0x00000000f3980000)
  from space 23040K, 0% used [0x00000000f3980000,0x00000000f3980000,0x00000000f5000000)
  to   space 16384K, 0% used [0x00000000f5000000,0x00000000f5000000,0x00000000f6000000)
 ParOldGen       total 134656K, used 33014K [0x00000000a0000000, 0x00000000a8380000, 0x00000000e0000000)
  object space 134656K, 24% used [0x00000000a0000000,0x00000000a203dbd8,0x00000000a8380000)
 Metaspace       used 58066K, capacity 59730K, committed 59992K, reserved 1101824K
  class space    used 7868K, capacity 8298K, committed 8320K, reserved 1048576K
GC Heap History (10 events):
Event: 10.227 GC heap before
{Heap before GC invocations=6 (full 1):
 PSYoungGen      total 189440K, used 98051K [0x00000000e0000000, 0x00000000ed000000, 0x0000000100000000)
  eden space 181248K, 49% used [0x00000000e0000000,0x00000000e57c3110,0x00000000eb100000)
  from space 8192K, 99% used [0x00000000ec800000,0x00000000ecffdaf0,0x00000000ed000000)
  to   space 8192K, 0% used [0x00000000ec000000,0x00000000ec000000,0x00000000ec800000)
 ParOldGen       total 78848K, used 17085K [0x00000000a0000000, 0x00000000a4d00000, 0x00000000e0000000)
  object space 78848K, 21% used [0x00000000a0000000,0x00000000a10af418,0x00000000a4d00000)
 Metaspace       used 34561K, capacity 35340K, committed 35456K, reserved 1079296K
  class space    used 4763K, capacity 4949K, committed 4992K, reserved 1048576K
Event: 10.248 GC heap after
Heap after GC invocations=6 (full 1):
 PSYoungGen      total 204800K, used 8176K [0x00000000e0000000, 0x00000000f6000000, 0x0000000100000000)
  eden space 196608K, 0% used [0x00000000e0000000,0x00000000e0000000,0x00000000ec000000)
  from space 8192K, 99% used [0x00000000ec000000,0x00000000ec7fc010,0x00000000ec800000)
  to   space 16384K, 0% used [0x00000000f5000000,0x00000000f5000000,0x00000000f6000000)
 ParOldGen       total 78848K, used 21426K [0x00000000a0000000, 0x00000000a4d00000, 0x00000000e0000000)
  object space 78848K, 27% used [0x00000000a0000000,0x00000000a14ecad0,0x00000000a4d00000)
 Metaspace       used 34561K, capacity 35340K, committed 35456K, reserved 1079296K
  class space    used 4763K, capacity 4949K, committed 4992K, reserved 1048576K
}
Event: 10.248 GC heap before
{Heap before GC invocations=7 (full 2):
 PSYoungGen      total 204800K, used 8176K [0x00000000e0000000, 0x00000000f6000000, 0x0000000100000000)
  eden space 196608K, 0% used [0x00000000e0000000,0x00000000e0000000,0x00000000ec000000)
  from space 8192K, 99% used [0x00000000ec000000,0x00000000ec7fc010,0x00000000ec800000)
  to   space 16384K, 0% used [0x00000000f5000000,0x00000000f5000000,0x00000000f6000000)
 ParOldGen       total 78848K, used 21426K [0x00000000a0000000, 0x00000000a4d00000, 0x00000000e0000000)
  object space 78848K, 27% used [0x00000000a0000000,0x00000000a14ecad0,0x00000000a4d00000)
 Metaspace       used 34561K, capacity 35340K, committed 35456K, reserved 1079296K
  class space    used 4763K, capacity 4949K, committed 4992K, reserved 1048576K
Event: 10.363 GC heap after
Heap after GC invocations=7 (full 2):
 PSYoungGen      total 204800K, used 0K [0x00000000e0000000, 0x00000000f6000000, 0x0000000100000000)
  eden space 196608K, 0% used [0x00000000e0000000,0x00000000e0000000,0x00000000ec000000)
  from space 8192K, 0% used [0x00000000ec000000,0x00000000ec000000,0x00000000ec800000)
  to   space 16384K, 0% used [0x00000000f5000000,0x00000000f5000000,0x00000000f6000000)
 ParOldGen       total 100352K, used 19690K [0x00000000a0000000, 0x00000000a6200000, 0x00000000e0000000)
  object space 100352K, 19% used [0x00000000a0000000,0x00000000a133abd8,0x00000000a6200000)
 Metaspace       used 34561K, capacity 35340K, committed 35456K, reserved 1079296K
  class space    used 4763K, capacity 4949K, committed 4992K, reserved 1048576K
}
Event: 14.002 GC heap before
{Heap before GC invocations=8 (full 2):
 PSYoungGen      total 204800K, used 196608K [0x00000000e0000000, 0x00000000f6000000, 0x0000000100000000)
  eden space 196608K, 100% used [0x00000000e0000000,0x00000000ec000000,0x00000000ec000000)
  from space 8192K, 0% used [0x00000000ec000000,0x00000000ec000000,0x00000000ec800000)
  to   space 16384K, 0% used [0x00000000f5000000,0x00000000f5000000,0x00000000f6000000)
 ParOldGen       total 100352K, used 19690K [0x00000000a0000000, 0x00000000a6200000, 0x00000000e0000000)
  object space 100352K, 19% used [0x00000000a0000000,0x00000000a133abd8,0x00000000a6200000)
 Metaspace       used 51688K, capacity 53110K, committed 53504K, reserved 1095680K
  class space    used 6961K, capacity 7312K, committed 7424K, reserved 1048576K
Event: 14.034 GC heap after
Heap after GC invocations=8 (full 2):
 PSYoungGen      total 337408K, used 16361K [0x00000000e0000000, 0x00000000f6d00000, 0x0000000100000000)
  eden space 321024K, 0% used [0x00000000e0000000,0x00000000e0000000,0x00000000f3980000)
  from space 16384K, 99% used [0x00000000f5000000,0x00000000f5ffa7e8,0x00000000f6000000)
  to   space 23040K, 0% used [0x00000000f3980000,0x00000000f3980000,0x00000000f5000000)
 ParOldGen       total 100352K, used 27046K [0x00000000a0000000, 0x00000000a6200000, 0x00000000e0000000)
  object space 100352K, 26% used [0x00000000a0000000,0x00000000a1a69848,0x00000000a6200000)
 Metaspace       used 51688K, capacity 53110K, committed 53504K, reserved 1095680K
  class space    used 6961K, capacity 7312K, committed 7424K, reserved 1048576K
}
Event: 15.227 GC heap before
{Heap before GC invocations=9 (full 2):
 PSYoungGen      total 337408K, used 88419K [0x00000000e0000000, 0x00000000f6d00000, 0x0000000100000000)
  eden space 321024K, 22% used [0x00000000e0000000,0x00000000e465e5f0,0x00000000f3980000)
  from space 16384K, 99% used [0x00000000f5000000,0x00000000f5ffa7e8,0x00000000f6000000)
  to   space 23040K, 0% used [0x00000000f3980000,0x00000000f3980000,0x00000000f5000000)
 ParOldGen       total 100352K, used 27046K [0x00000000a0000000, 0x00000000a6200000, 0x00000000e0000000)
  object space 100352K, 26% used [0x00000000a0000000,0x00000000a1a69848,0x00000000a6200000)
 Metaspace       used 57452K, capacity 59058K, committed 59096K, reserved 1099776K
  class space    used 7771K, capacity 8164K, committed 8192K, reserved 1048576K
Event: 15.248 GC heap after
Heap after GC invocations=9 (full 2):
 PSYoungGen      total 344064K, used 17919K [0x00000000e0000000, 0x00000000f6d00000, 0x0000000100000000)
  eden space 321024K, 0% used [0x00000000e0000000,0x00000000e0000000,0x00000000f3980000)
  from space 23040K, 77% used [0x00000000f3980000,0x00000000f4affe38,0x00000000f5000000)
  to   space 16384K, 0% used [0x00000000f5000000,0x00000000f5000000,0x00000000f6000000)
 ParOldGen       total 100352K, used 27118K [0x00000000a0000000, 0x00000000a6200000, 0x00000000e0000000)
  object space 100352K, 27% used [0x00000000a0000000,0x00000000a1a7b858,0x00000000a6200000)
 Metaspace       used 57452K, capacity 59058K, committed 59096K, reserved 1099776K
  class space    used 7771K, capacity 8164K, committed 8192K, reserved 1048576K
}
Event: 15.248 GC heap before
{Heap before GC invocations=10 (full 3):
 PSYoungGen      total 344064K, used 17919K [0x00000000e0000000, 0x00000000f6d00000, 0x0000000100000000)
  eden space 321024K, 0% used [0x00000000e0000000,0x00000000e0000000,0x00000000f3980000)
  from space 23040K, 77% used [0x00000000f3980000,0x00000000f4affe38,0x00000000f5000000)
  to   space 16384K, 0% used [0x00000000f5000000,0x00000000f5000000,0x00000000f6000000)
 ParOldGen       total 100352K, used 27118K [0x00000000a0000000, 0x00000000a6200000, 0x00000000e0000000)
  object space 100352K, 27% used [0x00000000a0000000,0x00000000a1a7b858,0x00000000a6200000)
 Metaspace       used 57452K, capacity 59058K, committed 59096K, reserved 1099776K
  class space    used 7771K, capacity 8164K, committed 8192K, reserved 1048576K
Event: 15.415 GC heap after
Heap after GC invocations=10 (full 3):
 PSYoungGen      total 344064K, used 0K [0x00000000e0000000, 0x00000000f6d00000, 0x0000000100000000)
  eden space 321024K, 0% used [0x00000000e0000000,0x00000000e0000000,0x00000000f3980000)
  from space 23040K, 0% used [0x00000000f3980000,0x00000000f3980000,0x00000000f5000000)
  to   space 16384K, 0% used [0x00000000f5000000,0x00000000f5000000,0x00000000f6000000)
 ParOldGen       total 134656K, used 33014K [0x00000000a0000000, 0x00000000a8380000, 0x00000000e0000000)
  object space 134656K, 24% used [0x00000000a0000000,0x00000000a203dbd8,0x00000000a8380000)
 Metaspace       used 57452K, capacity 59058K, committed 59096K, reserved 1099776K
  class space    used 7771K, capacity 8164K, committed 8192K, reserved 1048576K
}

