# JRE version: OpenJDK Runtime Environment (8.0_202-b03) (build 1.8.0_202-release-1483-b03)
# Java VM: OpenJDK 64-Bit Server VM (25.202-b03 mixed mode windows-amd64 compressed oops)
Heap:
 PSYoungGen      total 398848K, used 325121K [0x00000000e0000000, 0x00000000faa80000, 0x0000000100000000)
  eden space 374272K, 80% used [0x00000000e0000000,0x00000000f25bfa80,0x00000000f6d80000)
  from space 24576K, 98% used [0x00000000f9100000,0x00000000fa8c0d50,0x00000000fa900000)
  to   space 31232K, 0% used [0x00000000f6d80000,0x00000000f6d80000,0x00000000f8c00000)
 ParOldGen       total 169472K, used 39884K [0x00000000a0000000, 0x00000000aa580000, 0x00000000e0000000)
  object space 169472K, 23% used [0x00000000a0000000,0x00000000a26f33e8,0x00000000aa580000)
 Metaspace       used 72336K, capacity 75102K, committed 75352K, reserved 1114112K
  class space    used 9725K, capacity 10272K, committed 10368K, reserved 1048576K
GC Heap History (10 events):
Event: 15.246 GC heap before
{Heap before GC invocations=9 (full 2):
 PSYoungGen      total 292352K, used 90822K [0x00000000e0000000, 0x00000000f4180000, 0x0000000100000000)
  eden space 276480K, 27% used [0x00000000e0000000,0x00000000e4932018,0x00000000f0e00000)
  from space 15872K, 99% used [0x00000000f2480000,0x00000000f33ff828,0x00000000f3400000)
  to   space 23040K, 0% used [0x00000000f0e00000,0x00000000f0e00000,0x00000000f2480000)
 ParOldGen       total 119296K, used 26804K [0x00000000a0000000, 0x00000000a7480000, 0x00000000e0000000)
  object space 119296K, 22% used [0x00000000a0000000,0x00000000a1a2d2c0,0x00000000a7480000)
 Metaspace       used 57406K, capacity 59066K, committed 59096K, reserved 1099776K
  class space    used 7762K, capacity 8164K, committed 8192K, reserved 1048576K
Event: 15.275 GC heap after
Heap after GC invocations=9 (full 2):
 PSYoungGen      total 299520K, used 18796K [0x00000000e0000000, 0x00000000fa900000, 0x0000000100000000)
  eden space 276480K, 0% used [0x00000000e0000000,0x00000000e0000000,0x00000000f0e00000)
  from space 23040K, 81% used [0x00000000f0e00000,0x00000000f205b030,0x00000000f2480000)
  to   space 24576K, 0% used [0x00000000f9100000,0x00000000f9100000,0x00000000fa900000)
 ParOldGen       total 119296K, used 26876K [0x00000000a0000000, 0x00000000a7480000, 0x00000000e0000000)
  object space 119296K, 22% used [0x00000000a0000000,0x00000000a1a3f2d0,0x00000000a7480000)
 Metaspace       used 57406K, capacity 59066K, committed 59096K, reserved 1099776K
  class space    used 7762K, capacity 8164K, committed 8192K, reserved 1048576K
}
Event: 15.275 GC heap before
{Heap before GC invocations=10 (full 3):
 PSYoungGen      total 299520K, used 18796K [0x00000000e0000000, 0x00000000fa900000, 0x0000000100000000)
  eden space 276480K, 0% used [0x00000000e0000000,0x00000000e0000000,0x00000000f0e00000)
  from space 23040K, 81% used [0x00000000f0e00000,0x00000000f205b030,0x00000000f2480000)
  to   space 24576K, 0% used [0x00000000f9100000,0x00000000f9100000,0x00000000fa900000)
 ParOldGen       total 119296K, used 26876K [0x00000000a0000000, 0x00000000a7480000, 0x00000000e0000000)
  object space 119296K, 22% used [0x00000000a0000000,0x00000000a1a3f2d0,0x00000000a7480000)
 Metaspace       used 57406K, capacity 59066K, committed 59096K, reserved 1099776K
  class space    used 7762K, capacity 8164K, committed 8192K, reserved 1048576K
Event: 15.593 GC heap after
Heap after GC invocations=10 (full 3):
 PSYoungGen      total 299520K, used 0K [0x00000000e0000000, 0x00000000fa900000, 0x0000000100000000)
  eden space 276480K, 0% used [0x00000000e0000000,0x00000000e0000000,0x00000000f0e00000)
  from space 23040K, 0% used [0x00000000f0e00000,0x00000000f0e00000,0x00000000f2480000)
  to   space 24576K, 0% used [0x00000000f9100000,0x00000000f9100000,0x00000000fa900000)
 ParOldGen       total 169472K, used 33451K [0x00000000a0000000, 0x00000000aa580000, 0x00000000e0000000)
  object space 169472K, 19% used [0x00000000a0000000,0x00000000a20aad30,0x00000000aa580000)
 Metaspace       used 57406K, capacity 59066K, committed 59096K, reserved 1099776K
  class space    used 7762K, capacity 8164K, committed 8192K, reserved 1048576K
}
Event: 23.932 GC heap before
{Heap before GC invocations=11 (full 3):
 PSYoungGen      total 299520K, used 276480K [0x00000000e0000000, 0x00000000fa900000, 0x0000000100000000)
  eden space 276480K, 100% used [0x00000000e0000000,0x00000000f0e00000,0x00000000f0e00000)
  from space 23040K, 0% used [0x00000000f0e00000,0x00000000f0e00000,0x00000000f2480000)
  to   space 24576K, 0% used [0x00000000f9100000,0x00000000f9100000,0x00000000fa900000)
 ParOldGen       total 169472K, used 33451K [0x00000000a0000000, 0x00000000aa580000, 0x00000000e0000000)
  object space 169472K, 19% used [0x00000000a0000000,0x00000000a20aad30,0x00000000aa580000)
 Metaspace       used 69390K, capacity 71732K, committed 71896K, reserved 1112064K
  class space    used 9470K, capacity 9971K, committed 9984K, reserved 1048576K
Event: 24.003 GC heap after
Heap after GC invocations=11 (full 3):
 PSYoungGen      total 398848K, used 24575K [0x00000000e0000000, 0x00000000faa80000, 0x0000000100000000)
  eden space 374272K, 0% used [0x00000000e0000000,0x00000000e0000000,0x00000000f6d80000)
  from space 24576K, 99% used [0x00000000f9100000,0x00000000fa8ffd18,0x00000000fa900000)
  to   space 31232K, 0% used [0x00000000f6d80000,0x00000000f6d80000,0x00000000f8c00000)
 ParOldGen       total 169472K, used 39868K [0x00000000a0000000, 0x00000000aa580000, 0x00000000e0000000)
  object space 169472K, 23% used [0x00000000a0000000,0x00000000a26ef3e8,0x00000000aa580000)
 Metaspace       used 69390K, capacity 71732K, committed 71896K, reserved 1112064K
  class space    used 9470K, capacity 9971K, committed 9984K, reserved 1048576K
}
Event: 27.105 GC heap before
{Heap before GC invocations=12 (full 3):
 PSYoungGen      total 398848K, used 398847K [0x00000000e0000000, 0x00000000faa80000, 0x0000000100000000)
  eden space 374272K, 100% used [0x00000000e0000000,0x00000000f6d80000,0x00000000f6d80000)
  from space 24576K, 99% used [0x00000000f9100000,0x00000000fa8ffd18,0x00000000fa900000)
  to   space 31232K, 0% used [0x00000000f6d80000,0x00000000f6d80000,0x00000000f8c00000)
 ParOldGen       total 169472K, used 39868K [0x00000000a0000000, 0x00000000aa580000, 0x00000000e0000000)
  object space 169472K, 23% used [0x00000000a0000000,0x00000000a26ef3e8,0x00000000aa580000)
 Metaspace       used 72022K, capacity 74746K, committed 74968K, reserved 1114112K
  class space    used 9707K, capacity 10232K, committed 10240K, reserved 1048576K
Event: 27.184 GC heap after
Heap after GC invocations=12 (full 3):
 PSYoungGen      total 405504K, used 22762K [0x00000000e0000000, 0x00000000faa80000, 0x0000000100000000)
  eden space 374272K, 0% used [0x00000000e0000000,0x00000000e0000000,0x00000000f6d80000)
  from space 31232K, 72% used [0x00000000f6d80000,0x00000000f83babe0,0x00000000f8c00000)
  to   space 24576K, 0% used [0x00000000f9100000,0x00000000f9100000,0x00000000fa900000)
 ParOldGen       total 169472K, used 39876K [0x00000000a0000000, 0x00000000aa580000, 0x00000000e0000000)
  object space 169472K, 23% used [0x00000000a0000000,0x00000000a26f13e8,0x00000000aa580000)
 Metaspace       used 72022K, capacity 74746K, committed 74968K, reserved 1114112K
  class space    used 9707K, capacity 10232K, committed 10240K, reserved 1048576K
}
Event: 29.555 GC heap before
{Heap before GC invocations=13 (full 3):
 PSYoungGen      total 405504K, used 397034K [0x00000000e0000000, 0x00000000faa80000, 0x0000000100000000)
  eden space 374272K, 100% used [0x00000000e0000000,0x00000000f6d80000,0x00000000f6d80000)
  from space 31232K, 72% used [0x00000000f6d80000,0x00000000f83babe0,0x00000000f8c00000)
  to   space 24576K, 0% used [0x00000000f9100000,0x00000000f9100000,0x00000000fa900000)
 ParOldGen       total 169472K, used 39876K [0x00000000a0000000, 0x00000000aa580000, 0x00000000e0000000)
  object space 169472K, 23% used [0x00000000a0000000,0x00000000a26f13e8,0x00000000aa580000)
 Metaspace       used 72266K, capacity 74966K, committed 75096K, reserved 1114112K
  class space    used 9724K, capacity 10272K, committed 10368K, reserved 1048576K
Event: 29.589 GC heap after
Heap after GC invocations=13 (full 3):
 PSYoungGen      total 398848K, used 24323K [0x00000000e0000000, 0x00000000faa80000, 0x0000000100000000)
  eden space 374272K, 0% used [0x00000000e0000000,0x00000000e0000000,0x00000000f6d80000)
  from space 24576K, 98% used [0x00000000f9100000,0x00000000fa8c0d50,0x00000000fa900000)
  to   space 31232K, 0% used [0x00000000f6d80000,0x00000000f6d80000,0x00000000f8c00000)
 ParOldGen       total 169472K, used 39884K [0x00000000a0000000, 0x00000000aa580000, 0x00000000e0000000)
  object space 169472K, 23% used [0x00000000a0000000,0x00000000a26f33e8,0x00000000aa580000)
 Metaspace       used 72266K, capacity 74966K, committed 75096K, reserved 1114112K
  class space    used 9724K, capacity 10272K, committed 10368K, reserved 1048576K
}

