# JRE version: OpenJDK Runtime Environment (8.0_202-b03) (build 1.8.0_202-release-1483-b03)
# Java VM: OpenJDK 64-Bit Server VM (25.202-b03 mixed mode windows-amd64 compressed oops)
Heap:
 PSYoungGen      total 254976K, used 53996K [0x00000000e0000000, 0x00000000f4080000, 0x0000000100000000)
  eden space 231936K, 13% used [0x00000000e0000000,0x00000000e1e3d6d0,0x00000000ee280000)
  from space 23040K, 99% used [0x00000000ee280000,0x00000000ef8fdb68,0x00000000ef900000)
  to   space 15872K, 0% used [0x00000000ef900000,0x00000000ef900000,0x00000000f0880000)
 ParOldGen       total 132096K, used 50809K [0x00000000a0000000, 0x00000000a8100000, 0x00000000e0000000)
  object space 132096K, 38% used [0x00000000a0000000,0x00000000a319e6a8,0x00000000a8100000)
 Metaspace       used 70386K, capacity 72906K, committed 73048K, reserved 1112064K
  class space    used 9585K, capacity 10106K, committed 10112K, reserved 1048576K
GC Heap History (10 events):
Event: 7.688 GC heap before
{Heap before GC invocations=8 (full 2):
 PSYoungGen      total 204800K, used 196608K [0x00000000e0000000, 0x00000000f0880000, 0x0000000100000000)
  eden space 196608K, 100% used [0x00000000e0000000,0x00000000ec000000,0x00000000ec000000)
  from space 8192K, 0% used [0x00000000ec000000,0x00000000ec000000,0x00000000ec800000)
  to   space 15872K, 0% used [0x00000000ef900000,0x00000000ef900000,0x00000000f0880000)
 ParOldGen       total 132096K, used 19069K [0x00000000a0000000, 0x00000000a8100000, 0x00000000e0000000)
  object space 132096K, 14% used [0x00000000a0000000,0x00000000a129f758,0x00000000a8100000)
 Metaspace       used 51302K, capacity 52692K, committed 52864K, reserved 1095680K
  class space    used 6882K, capacity 7209K, committed 7296K, reserved 1048576K
Event: 7.709 GC heap after
Heap after GC invocations=8 (full 2):
 PSYoungGen      total 247808K, used 15857K [0x00000000e0000000, 0x00000000f4080000, 0x0000000100000000)
  eden space 231936K, 0% used [0x00000000e0000000,0x00000000e0000000,0x00000000ee280000)
  from space 15872K, 99% used [0x00000000ef900000,0x00000000f087c550,0x00000000f0880000)
  to   space 23040K, 0% used [0x00000000ee280000,0x00000000ee280000,0x00000000ef900000)
 ParOldGen       total 132096K, used 27021K [0x00000000a0000000, 0x00000000a8100000, 0x00000000e0000000)
  object space 132096K, 20% used [0x00000000a0000000,0x00000000a1a63528,0x00000000a8100000)
 Metaspace       used 51302K, capacity 52692K, committed 52864K, reserved 1095680K
  class space    used 6882K, capacity 7209K, committed 7296K, reserved 1048576K
}
Event: 8.793 GC heap before
{Heap before GC invocations=9 (full 2):
 PSYoungGen      total 247808K, used 90387K [0x00000000e0000000, 0x00000000f4080000, 0x0000000100000000)
  eden space 231936K, 32% used [0x00000000e0000000,0x00000000e48c89e0,0x00000000ee280000)
  from space 15872K, 99% used [0x00000000ef900000,0x00000000f087c550,0x00000000f0880000)
  to   space 23040K, 0% used [0x00000000ee280000,0x00000000ee280000,0x00000000ef900000)
 ParOldGen       total 132096K, used 27021K [0x00000000a0000000, 0x00000000a8100000, 0x00000000e0000000)
  object space 132096K, 20% used [0x00000000a0000000,0x00000000a1a63528,0x00000000a8100000)
 Metaspace       used 57402K, capacity 59010K, committed 59096K, reserved 1099776K
  class space    used 7755K, capacity 8164K, committed 8192K, reserved 1048576K
Event: 8.832 GC heap after
Heap after GC invocations=9 (full 2):
 PSYoungGen      total 254976K, used 18557K [0x00000000e0000000, 0x00000000f4080000, 0x0000000100000000)
  eden space 231936K, 0% used [0x00000000e0000000,0x00000000e0000000,0x00000000ee280000)
  from space 23040K, 80% used [0x00000000ee280000,0x00000000ef49f548,0x00000000ef900000)
  to   space 15872K, 0% used [0x00000000ef900000,0x00000000ef900000,0x00000000f0880000)
 ParOldGen       total 132096K, used 27029K [0x00000000a0000000, 0x00000000a8100000, 0x00000000e0000000)
  object space 132096K, 20% used [0x00000000a0000000,0x00000000a1a65528,0x00000000a8100000)
 Metaspace       used 57402K, capacity 59010K, committed 59096K, reserved 1099776K
  class space    used 7755K, capacity 8164K, committed 8192K, reserved 1048576K
}
Event: 8.832 GC heap before
{Heap before GC invocations=10 (full 3):
 PSYoungGen      total 254976K, used 18557K [0x00000000e0000000, 0x00000000f4080000, 0x0000000100000000)
  eden space 231936K, 0% used [0x00000000e0000000,0x00000000e0000000,0x00000000ee280000)
  from space 23040K, 80% used [0x00000000ee280000,0x00000000ef49f548,0x00000000ef900000)
  to   space 15872K, 0% used [0x00000000ef900000,0x00000000ef900000,0x00000000f0880000)
 ParOldGen       total 132096K, used 27029K [0x00000000a0000000, 0x00000000a8100000, 0x00000000e0000000)
  object space 132096K, 20% used [0x00000000a0000000,0x00000000a1a65528,0x00000000a8100000)
 Metaspace       used 57402K, capacity 59010K, committed 59096K, reserved 1099776K
  class space    used 7755K, capacity 8164K, committed 8192K, reserved 1048576K
Event: 9.024 GC heap after
Heap after GC invocations=10 (full 3):
 PSYoungGen      total 254976K, used 0K [0x00000000e0000000, 0x00000000f4080000, 0x0000000100000000)
  eden space 231936K, 0% used [0x00000000e0000000,0x00000000e0000000,0x00000000ee280000)
  from space 23040K, 0% used [0x00000000ee280000,0x00000000ee280000,0x00000000ef900000)
  to   space 15872K, 0% used [0x00000000ef900000,0x00000000ef900000,0x00000000f0880000)
 ParOldGen       total 132096K, used 33258K [0x00000000a0000000, 0x00000000a8100000, 0x00000000e0000000)
  object space 132096K, 25% used [0x00000000a0000000,0x00000000a207a8b8,0x00000000a8100000)
 Metaspace       used 57402K, capacity 59010K, committed 59096K, reserved 1099776K
  class space    used 7755K, capacity 8164K, committed 8192K, reserved 1048576K
}
Event: 14.175 GC heap before
{Heap before GC invocations=11 (full 3):
 PSYoungGen      total 254976K, used 231936K [0x00000000e0000000, 0x00000000f4080000, 0x0000000100000000)
  eden space 231936K, 100% used [0x00000000e0000000,0x00000000ee280000,0x00000000ee280000)
  from space 23040K, 0% used [0x00000000ee280000,0x00000000ee280000,0x00000000ef900000)
  to   space 15872K, 0% used [0x00000000ef900000,0x00000000ef900000,0x00000000f0880000)
 ParOldGen       total 132096K, used 33258K [0x00000000a0000000, 0x00000000a8100000, 0x00000000e0000000)
  object space 132096K, 25% used [0x00000000a0000000,0x00000000a207a8b8,0x00000000a8100000)
 Metaspace       used 64584K, capacity 66840K, committed 67032K, reserved 1107968K
  class space    used 8737K, capacity 9213K, committed 9216K, reserved 1048576K
Event: 14.229 GC heap after
Heap after GC invocations=11 (full 3):
 PSYoungGen      total 247808K, used 15871K [0x00000000e0000000, 0x00000000f4080000, 0x0000000100000000)
  eden space 231936K, 0% used [0x00000000e0000000,0x00000000e0000000,0x00000000ee280000)
  from space 15872K, 99% used [0x00000000ef900000,0x00000000f087fc60,0x00000000f0880000)
  to   space 23040K, 0% used [0x00000000ee280000,0x00000000ee280000,0x00000000ef900000)
 ParOldGen       total 132096K, used 44566K [0x00000000a0000000, 0x00000000a8100000, 0x00000000e0000000)
  object space 132096K, 33% used [0x00000000a0000000,0x00000000a2b85890,0x00000000a8100000)
 Metaspace       used 64584K, capacity 66840K, committed 67032K, reserved 1107968K
  class space    used 8737K, capacity 9213K, committed 9216K, reserved 1048576K
}
Event: 16.168 GC heap before
{Heap before GC invocations=12 (full 3):
 PSYoungGen      total 247808K, used 247807K [0x00000000e0000000, 0x00000000f4080000, 0x0000000100000000)
  eden space 231936K, 100% used [0x00000000e0000000,0x00000000ee280000,0x00000000ee280000)
  from space 15872K, 99% used [0x00000000ef900000,0x00000000f087fc60,0x00000000f0880000)
  to   space 23040K, 0% used [0x00000000ee280000,0x00000000ee280000,0x00000000ef900000)
 ParOldGen       total 132096K, used 44566K [0x00000000a0000000, 0x00000000a8100000, 0x00000000e0000000)
  object space 132096K, 33% used [0x00000000a0000000,0x00000000a2b85890,0x00000000a8100000)
 Metaspace       used 70361K, capacity 72906K, committed 73048K, reserved 1112064K
  class space    used 9581K, capacity 10106K, committed 10112K, reserved 1048576K
Event: 16.220 GC heap after
Heap after GC invocations=12 (full 3):
 PSYoungGen      total 254976K, used 23030K [0x00000000e0000000, 0x00000000f4080000, 0x0000000100000000)
  eden space 231936K, 0% used [0x00000000e0000000,0x00000000e0000000,0x00000000ee280000)
  from space 23040K, 99% used [0x00000000ee280000,0x00000000ef8fdb68,0x00000000ef900000)
  to   space 15872K, 0% used [0x00000000ef900000,0x00000000ef900000,0x00000000f0880000)
 ParOldGen       total 132096K, used 50809K [0x00000000a0000000, 0x00000000a8100000, 0x00000000e0000000)
  object space 132096K, 38% used [0x00000000a0000000,0x00000000a319e6a8,0x00000000a8100000)
 Metaspace       used 70361K, capacity 72906K, committed 73048K, reserved 1112064K
  class space    used 9581K, capacity 10106K, committed 10112K, reserved 1048576K
}

