# JRE version: OpenJDK Runtime Environment (8.0_202-b03) (build 1.8.0_202-release-1483-b03)
# Java VM: OpenJDK 64-Bit Server VM (25.202-b03 mixed mode windows-amd64 compressed oops)
Heap:
 PSYoungGen      total 385024K, used 142588K [0x00000000e0000000, 0x00000000fa000000, 0x0000000100000000)
  eden space 360448K, 32% used [0x00000000e0000000,0x00000000e73406a8,0x00000000f6000000)
  from space 24576K, 99% used [0x00000000f8800000,0x00000000f9ffec18,0x00000000fa000000)
  to   space 31744K, 0% used [0x00000000f6200000,0x00000000f6200000,0x00000000f8100000)
 ParOldGen       total 171520K, used 41739K [0x00000000a0000000, 0x00000000aa780000, 0x00000000e0000000)
  object space 171520K, 24% used [0x00000000a0000000,0x00000000a28c2c18,0x00000000aa780000)
 Metaspace       used 70153K, capacity 72514K, committed 72792K, reserved 1112064K
  class space    used 9498K, capacity 9986K, committed 10112K, reserved 1048576K
GC Heap History (10 events):
Event: 6.925 GC heap before
{Heap before GC invocations=7 (full 2):
 PSYoungGen      total 204800K, used 8176K [0x00000000e0000000, 0x00000000f2000000, 0x0000000100000000)
  eden space 196608K, 0% used [0x00000000e0000000,0x00000000e0000000,0x00000000ec000000)
  from space 8192K, 99% used [0x00000000ec000000,0x00000000ec7fc010,0x00000000ec800000)
  to   space 16384K, 0% used [0x00000000f1000000,0x00000000f1000000,0x00000000f2000000)
 ParOldGen       total 88576K, used 20809K [0x00000000a0000000, 0x00000000a5680000, 0x00000000e0000000)
  object space 88576K, 23% used [0x00000000a0000000,0x00000000a1452498,0x00000000a5680000)
 Metaspace       used 34568K, capacity 35360K, committed 35456K, reserved 1079296K
  class space    used 4747K, capacity 4949K, committed 4992K, reserved 1048576K
Event: 7.049 GC heap after
Heap after GC invocations=7 (full 2):
 PSYoungGen      total 204800K, used 0K [0x00000000e0000000, 0x00000000f2000000, 0x0000000100000000)
  eden space 196608K, 0% used [0x00000000e0000000,0x00000000e0000000,0x00000000ec000000)
  from space 8192K, 0% used [0x00000000ec000000,0x00000000ec000000,0x00000000ec800000)
  to   space 16384K, 0% used [0x00000000f1000000,0x00000000f1000000,0x00000000f2000000)
 ParOldGen       total 122880K, used 19133K [0x00000000a0000000, 0x00000000a7800000, 0x00000000e0000000)
  object space 122880K, 15% used [0x00000000a0000000,0x00000000a12af7f8,0x00000000a7800000)
 Metaspace       used 34568K, capacity 35360K, committed 35456K, reserved 1079296K
  class space    used 4747K, capacity 4949K, committed 4992K, reserved 1048576K
}
Event: 10.795 GC heap before
{Heap before GC invocations=8 (full 2):
 PSYoungGen      total 204800K, used 196608K [0x00000000e0000000, 0x00000000f2000000, 0x0000000100000000)
  eden space 196608K, 100% used [0x00000000e0000000,0x00000000ec000000,0x00000000ec000000)
  from space 8192K, 0% used [0x00000000ec000000,0x00000000ec000000,0x00000000ec800000)
  to   space 16384K, 0% used [0x00000000f1000000,0x00000000f1000000,0x00000000f2000000)
 ParOldGen       total 122880K, used 19133K [0x00000000a0000000, 0x00000000a7800000, 0x00000000e0000000)
  object space 122880K, 15% used [0x00000000a0000000,0x00000000a12af7f8,0x00000000a7800000)
 Metaspace       used 51225K, capacity 52628K, committed 52864K, reserved 1095680K
  class space    used 6870K, capacity 7209K, committed 7296K, reserved 1048576K
Event: 10.818 GC heap after
Heap after GC invocations=8 (full 2):
 PSYoungGen      total 271872K, used 16378K [0x00000000e0000000, 0x00000000f4d00000, 0x0000000100000000)
  eden space 255488K, 0% used [0x00000000e0000000,0x00000000e0000000,0x00000000ef980000)
  from space 16384K, 99% used [0x00000000f1000000,0x00000000f1ffebe8,0x00000000f2000000)
  to   space 23040K, 0% used [0x00000000ef980000,0x00000000ef980000,0x00000000f1000000)
 ParOldGen       total 122880K, used 26414K [0x00000000a0000000, 0x00000000a7800000, 0x00000000e0000000)
  object space 122880K, 21% used [0x00000000a0000000,0x00000000a19cb9d8,0x00000000a7800000)
 Metaspace       used 51225K, capacity 52628K, committed 52864K, reserved 1095680K
  class space    used 6870K, capacity 7209K, committed 7296K, reserved 1048576K
}
Event: 12.108 GC heap before
{Heap before GC invocations=9 (full 2):
 PSYoungGen      total 271872K, used 91971K [0x00000000e0000000, 0x00000000f4d00000, 0x0000000100000000)
  eden space 255488K, 29% used [0x00000000e0000000,0x00000000e49d20b8,0x00000000ef980000)
  from space 16384K, 99% used [0x00000000f1000000,0x00000000f1ffebe8,0x00000000f2000000)
  to   space 23040K, 0% used [0x00000000ef980000,0x00000000ef980000,0x00000000f1000000)
 ParOldGen       total 122880K, used 26414K [0x00000000a0000000, 0x00000000a7800000, 0x00000000e0000000)
  object space 122880K, 21% used [0x00000000a0000000,0x00000000a19cb9d8,0x00000000a7800000)
 Metaspace       used 57425K, capacity 59014K, committed 59096K, reserved 1099776K
  class space    used 7758K, capacity 8164K, committed 8192K, reserved 1048576K
Event: 12.129 GC heap after
Heap after GC invocations=9 (full 2):
 PSYoungGen      total 278528K, used 18655K [0x00000000e0000000, 0x00000000fa000000, 0x0000000100000000)
  eden space 255488K, 0% used [0x00000000e0000000,0x00000000e0000000,0x00000000ef980000)
  from space 23040K, 80% used [0x00000000ef980000,0x00000000f0bb7c88,0x00000000f1000000)
  to   space 24576K, 0% used [0x00000000f8800000,0x00000000f8800000,0x00000000fa000000)
 ParOldGen       total 122880K, used 26486K [0x00000000a0000000, 0x00000000a7800000, 0x00000000e0000000)
  object space 122880K, 21% used [0x00000000a0000000,0x00000000a19dd9e8,0x00000000a7800000)
 Metaspace       used 57425K, capacity 59014K, committed 59096K, reserved 1099776K
  class space    used 7758K, capacity 8164K, committed 8192K, reserved 1048576K
}
Event: 12.129 GC heap before
{Heap before GC invocations=10 (full 3):
 PSYoungGen      total 278528K, used 18655K [0x00000000e0000000, 0x00000000fa000000, 0x0000000100000000)
  eden space 255488K, 0% used [0x00000000e0000000,0x00000000e0000000,0x00000000ef980000)
  from space 23040K, 80% used [0x00000000ef980000,0x00000000f0bb7c88,0x00000000f1000000)
  to   space 24576K, 0% used [0x00000000f8800000,0x00000000f8800000,0x00000000fa000000)
 ParOldGen       total 122880K, used 26486K [0x00000000a0000000, 0x00000000a7800000, 0x00000000e0000000)
  object space 122880K, 21% used [0x00000000a0000000,0x00000000a19dd9e8,0x00000000a7800000)
 Metaspace       used 57425K, capacity 59014K, committed 59096K, reserved 1099776K
  class space    used 7758K, capacity 8164K, committed 8192K, reserved 1048576K
Event: 12.304 GC heap after
Heap after GC invocations=10 (full 3):
 PSYoungGen      total 278528K, used 0K [0x00000000e0000000, 0x00000000fa000000, 0x0000000100000000)
  eden space 255488K, 0% used [0x00000000e0000000,0x00000000e0000000,0x00000000ef980000)
  from space 23040K, 0% used [0x00000000ef980000,0x00000000ef980000,0x00000000f1000000)
  to   space 24576K, 0% used [0x00000000f8800000,0x00000000f8800000,0x00000000fa000000)
 ParOldGen       total 171520K, used 33384K [0x00000000a0000000, 0x00000000aa780000, 0x00000000e0000000)
  object space 171520K, 19% used [0x00000000a0000000,0x00000000a209a230,0x00000000aa780000)
 Metaspace       used 57425K, capacity 59014K, committed 59096K, reserved 1099776K
  class space    used 7758K, capacity 8164K, committed 8192K, reserved 1048576K
}
Event: 18.678 GC heap before
{Heap before GC invocations=11 (full 3):
 PSYoungGen      total 278528K, used 255488K [0x00000000e0000000, 0x00000000fa000000, 0x0000000100000000)
  eden space 255488K, 100% used [0x00000000e0000000,0x00000000ef980000,0x00000000ef980000)
  from space 23040K, 0% used [0x00000000ef980000,0x00000000ef980000,0x00000000f1000000)
  to   space 24576K, 0% used [0x00000000f8800000,0x00000000f8800000,0x00000000fa000000)
 ParOldGen       total 171520K, used 33384K [0x00000000a0000000, 0x00000000aa780000, 0x00000000e0000000)
  object space 171520K, 19% used [0x00000000a0000000,0x00000000a209a230,0x00000000aa780000)
 Metaspace       used 65586K, capacity 67730K, committed 67928K, reserved 1107968K
  class space    used 8841K, capacity 9310K, committed 9344K, reserved 1048576K
Event: 18.738 GC heap after
Heap after GC invocations=11 (full 3):
 PSYoungGen      total 385024K, used 24571K [0x00000000e0000000, 0x00000000fa000000, 0x0000000100000000)
  eden space 360448K, 0% used [0x00000000e0000000,0x00000000e0000000,0x00000000f6000000)
  from space 24576K, 99% used [0x00000000f8800000,0x00000000f9ffec18,0x00000000fa000000)
  to   space 31744K, 0% used [0x00000000f6200000,0x00000000f6200000,0x00000000f8100000)
 ParOldGen       total 171520K, used 41739K [0x00000000a0000000, 0x00000000aa780000, 0x00000000e0000000)
  object space 171520K, 24% used [0x00000000a0000000,0x00000000a28c2c18,0x00000000aa780000)
 Metaspace       used 65586K, capacity 67730K, committed 67928K, reserved 1107968K
  class space    used 8841K, capacity 9310K, committed 9344K, reserved 1048576K
}

