# JRE version: OpenJDK Runtime Environment (8.0_202-b03) (build 1.8.0_202-release-1483-b03)
# Java VM: OpenJDK 64-Bit Server VM (25.202-b03 mixed mode windows-amd64 compressed oops)
Heap:
 PSYoungGen      total 482816K, used 153603K [0x00000000e0000000, 0x00000000fff80000, 0x0000000100000000)
  eden space 441344K, 34% used [0x00000000e0000000,0x00000000e9600c98,0x00000000faf00000)
  from space 41472K, 0% used [0x00000000faf00000,0x00000000faf00000,0x00000000fd780000)
  to   space 39936K, 0% used [0x00000000fd880000,0x00000000fd880000,0x00000000fff80000)
 ParOldGen       total 312832K, used 52186K [0x00000000a0000000, 0x00000000b3180000, 0x00000000e0000000)
  object space 312832K, 16% used [0x00000000a0000000,0x00000000a32f6800,0x00000000b3180000)
 Metaspace       used 101287K, capacity 105231K, committed 108416K, reserved 1142784K
  class space    used 12692K, capacity 13414K, committed 14208K, reserved 1048576K
GC Heap History (10 events):
Event: 3802.521 GC heap before
{Heap before GC invocations=31 (full 4):
 PSYoungGen      total 481280K, used 182792K [0x00000000e0000000, 0x0000000100000000, 0x0000000100000000)
  eden space 439808K, 39% used [0x00000000e0000000,0x00000000eab0e040,0x00000000fad80000)
  from space 41472K, 18% used [0x00000000fd500000,0x00000000fdc74060,0x00000000ffd80000)
  to   space 40448K, 0% used [0x00000000fad80000,0x00000000fad80000,0x00000000fd500000)
 ParOldGen       total 312832K, used 148810K [0x00000000a0000000, 0x00000000b3180000, 0x00000000e0000000)
  object space 312832K, 47% used [0x00000000a0000000,0x00000000a9152b50,0x00000000b3180000)
 Metaspace       used 102958K, capacity 107991K, committed 108160K, reserved 1142784K
  class space    used 13187K, capacity 14103K, committed 14208K, reserved 1048576K
Event: 3802.538 GC heap after
Heap after GC invocations=31 (full 4):
 PSYoungGen      total 480256K, used 4305K [0x00000000e0000000, 0x0000000100000000, 0x0000000100000000)
  eden space 439808K, 0% used [0x00000000e0000000,0x00000000e0000000,0x00000000fad80000)
  from space 40448K, 10% used [0x00000000fad80000,0x00000000fb1b4488,0x00000000fd500000)
  to   space 39936K, 0% used [0x00000000fd900000,0x00000000fd900000,0x0000000100000000)
 ParOldGen       total 312832K, used 153833K [0x00000000a0000000, 0x00000000b3180000, 0x00000000e0000000)
  object space 312832K, 49% used [0x00000000a0000000,0x00000000a963a5c0,0x00000000b3180000)
 Metaspace       used 102958K, capacity 107991K, committed 108160K, reserved 1142784K
  class space    used 13187K, capacity 14103K, committed 14208K, reserved 1048576K
}
Event: 3802.538 GC heap before
{Heap before GC invocations=32 (full 5):
 PSYoungGen      total 480256K, used 4305K [0x00000000e0000000, 0x0000000100000000, 0x0000000100000000)
  eden space 439808K, 0% used [0x00000000e0000000,0x00000000e0000000,0x00000000fad80000)
  from space 40448K, 10% used [0x00000000fad80000,0x00000000fb1b4488,0x00000000fd500000)
  to   space 39936K, 0% used [0x00000000fd900000,0x00000000fd900000,0x0000000100000000)
 ParOldGen       total 312832K, used 153833K [0x00000000a0000000, 0x00000000b3180000, 0x00000000e0000000)
  object space 312832K, 49% used [0x00000000a0000000,0x00000000a963a5c0,0x00000000b3180000)
 Metaspace       used 102958K, capacity 107991K, committed 108160K, reserved 1142784K
  class space    used 13187K, capacity 14103K, committed 14208K, reserved 1048576K
Event: 3802.863 GC heap after
Heap after GC invocations=32 (full 5):
 PSYoungGen      total 480256K, used 0K [0x00000000e0000000, 0x0000000100000000, 0x0000000100000000)
  eden space 439808K, 0% used [0x00000000e0000000,0x00000000e0000000,0x00000000fad80000)
  from space 40448K, 0% used [0x00000000fad80000,0x00000000fad80000,0x00000000fd500000)
  to   space 39936K, 0% used [0x00000000fd900000,0x00000000fd900000,0x0000000100000000)
 ParOldGen       total 312832K, used 46638K [0x00000000a0000000, 0x00000000b3180000, 0x00000000e0000000)
  object space 312832K, 14% used [0x00000000a0000000,0x00000000a2d8b958,0x00000000b3180000)
 Metaspace       used 98923K, capacity 102365K, committed 108160K, reserved 1142784K
  class space    used 12463K, capacity 13085K, committed 14208K, reserved 1048576K
}
Event: 11183.873 GC heap before
{Heap before GC invocations=33 (full 5):
 PSYoungGen      total 480256K, used 439808K [0x00000000e0000000, 0x0000000100000000, 0x0000000100000000)
  eden space 439808K, 100% used [0x00000000e0000000,0x00000000fad80000,0x00000000fad80000)
  from space 40448K, 0% used [0x00000000fad80000,0x00000000fad80000,0x00000000fd500000)
  to   space 39936K, 0% used [0x00000000fd900000,0x00000000fd900000,0x0000000100000000)
 ParOldGen       total 312832K, used 46638K [0x00000000a0000000, 0x00000000b3180000, 0x00000000e0000000)
  object space 312832K, 14% used [0x00000000a0000000,0x00000000a2d8b958,0x00000000b3180000)
 Metaspace       used 101636K, capacity 106105K, committed 108160K, reserved 1142784K
  class space    used 12907K, capacity 13698K, committed 14208K, reserved 1048576K
Event: 11183.901 GC heap after
Heap after GC invocations=33 (full 5):
 PSYoungGen      total 481280K, used 25661K [0x00000000e0000000, 0x0000000100000000, 0x0000000100000000)
  eden space 441344K, 0% used [0x00000000e0000000,0x00000000e0000000,0x00000000faf00000)
  from space 39936K, 64% used [0x00000000fd900000,0x00000000ff20f5c0,0x0000000100000000)
  to   space 41472K, 0% used [0x00000000faf00000,0x00000000faf00000,0x00000000fd780000)
 ParOldGen       total 312832K, used 46646K [0x00000000a0000000, 0x00000000b3180000, 0x00000000e0000000)
  object space 312832K, 14% used [0x00000000a0000000,0x00000000a2d8d958,0x00000000b3180000)
 Metaspace       used 101636K, capacity 106105K, committed 108160K, reserved 1142784K
  class space    used 12907K, capacity 13698K, committed 14208K, reserved 1048576K
}
Event: 15645.662 GC heap before
{Heap before GC invocations=34 (full 5):
 PSYoungGen      total 481280K, used 343202K [0x00000000e0000000, 0x0000000100000000, 0x0000000100000000)
  eden space 441344K, 71% used [0x00000000e0000000,0x00000000f36194e0,0x00000000faf00000)
  from space 39936K, 64% used [0x00000000fd900000,0x00000000ff20f5c0,0x0000000100000000)
  to   space 41472K, 0% used [0x00000000faf00000,0x00000000faf00000,0x00000000fd780000)
 ParOldGen       total 312832K, used 46646K [0x00000000a0000000, 0x00000000b3180000, 0x00000000e0000000)
  object space 312832K, 14% used [0x00000000a0000000,0x00000000a2d8d958,0x00000000b3180000)
 Metaspace       used 102959K, capacity 107933K, committed 108416K, reserved 1142784K
  class space    used 13081K, capacity 13975K, committed 14208K, reserved 1048576K
Event: 15645.689 GC heap after
Heap after GC invocations=34 (full 5):
 PSYoungGen      total 482816K, used 10278K [0x00000000e0000000, 0x00000000fff80000, 0x0000000100000000)
  eden space 441344K, 0% used [0x00000000e0000000,0x00000000e0000000,0x00000000faf00000)
  from space 41472K, 24% used [0x00000000faf00000,0x00000000fb909ad8,0x00000000fd780000)
  to   space 39936K, 0% used [0x00000000fd880000,0x00000000fd880000,0x00000000fff80000)
 ParOldGen       total 312832K, used 65270K [0x00000000a0000000, 0x00000000b3180000, 0x00000000e0000000)
  object space 312832K, 20% used [0x00000000a0000000,0x00000000a3fbd9c8,0x00000000b3180000)
 Metaspace       used 102959K, capacity 107933K, committed 108416K, reserved 1142784K
  class space    used 13081K, capacity 13975K, committed 14208K, reserved 1048576K
}
Event: 15645.689 GC heap before
{Heap before GC invocations=35 (full 6):
 PSYoungGen      total 482816K, used 10278K [0x00000000e0000000, 0x00000000fff80000, 0x0000000100000000)
  eden space 441344K, 0% used [0x00000000e0000000,0x00000000e0000000,0x00000000faf00000)
  from space 41472K, 24% used [0x00000000faf00000,0x00000000fb909ad8,0x00000000fd780000)
  to   space 39936K, 0% used [0x00000000fd880000,0x00000000fd880000,0x00000000fff80000)
 ParOldGen       total 312832K, used 65270K [0x00000000a0000000, 0x00000000b3180000, 0x00000000e0000000)
  object space 312832K, 20% used [0x00000000a0000000,0x00000000a3fbd9c8,0x00000000b3180000)
 Metaspace       used 102959K, capacity 107933K, committed 108416K, reserved 1142784K
  class space    used 13081K, capacity 13975K, committed 14208K, reserved 1048576K
Event: 15646.199 GC heap after
Heap after GC invocations=35 (full 6):
 PSYoungGen      total 482816K, used 0K [0x00000000e0000000, 0x00000000fff80000, 0x0000000100000000)
  eden space 441344K, 0% used [0x00000000e0000000,0x00000000e0000000,0x00000000faf00000)
  from space 41472K, 0% used [0x00000000faf00000,0x00000000faf00000,0x00000000fd780000)
  to   space 39936K, 0% used [0x00000000fd880000,0x00000000fd880000,0x00000000fff80000)
 ParOldGen       total 312832K, used 52186K [0x00000000a0000000, 0x00000000b3180000, 0x00000000e0000000)
  object space 312832K, 16% used [0x00000000a0000000,0x00000000a32f6800,0x00000000b3180000)
 Metaspace       used 100831K, capacity 104637K, committed 108416K, reserved 1142784K
  class space    used 12650K, capacity 13337K, committed 14208K, reserved 1048576K
}

