# JRE version: OpenJDK Runtime Environment (8.0_202-b03) (build 1.8.0_202-release-1483-b03)
# Java VM: OpenJDK 64-Bit Server VM (25.202-b03 mixed mode windows-amd64 compressed oops)
Heap:
 PSYoungGen      total 369152K, used 281567K [0x00000000e0000000, 0x00000000f8880000, 0x0000000100000000)
  eden space 339968K, 74% used [0x00000000e0000000,0x00000000ef678078,0x00000000f4c00000)
  from space 29184K, 99% used [0x00000000f4f80000,0x00000000f6bffdc8,0x00000000f6c00000)
  to   space 24576K, 0% used [0x00000000f7080000,0x00000000f7080000,0x00000000f8880000)
 ParOldGen       total 128512K, used 41411K [0x00000000a0000000, 0x00000000a7d80000, 0x00000000e0000000)
  object space 128512K, 32% used [0x00000000a0000000,0x00000000a2870f88,0x00000000a7d80000)
 Metaspace       used 72286K, capacity 74884K, committed 74968K, reserved 1114112K
  class space    used 9377K, capacity 9919K, committed 9984K, reserved 1048576K
GC Heap History (10 events):
Event: 8.258 GC heap before
{Heap before GC invocations=8 (full 2):
 PSYoungGen      total 204800K, used 196608K [0x00000000e0000000, 0x00000000f1780000, 0x0000000100000000)
  eden space 196608K, 100% used [0x00000000e0000000,0x00000000ec000000,0x00000000ec000000)
  from space 8192K, 0% used [0x00000000ec000000,0x00000000ec000000,0x00000000ec800000)
  to   space 16384K, 0% used [0x00000000f0780000,0x00000000f0780000,0x00000000f1780000)
 ParOldGen       total 128512K, used 19140K [0x00000000a0000000, 0x00000000a7d80000, 0x00000000e0000000)
  object space 128512K, 14% used [0x00000000a0000000,0x00000000a12b12e8,0x00000000a7d80000)
 Metaspace       used 51190K, capacity 52556K, committed 52864K, reserved 1095680K
  class space    used 6867K, capacity 7209K, committed 7296K, reserved 1048576K
Event: 8.296 GC heap after
Heap after GC invocations=8 (full 2):
 PSYoungGen      total 263680K, used 16356K [0x00000000e0000000, 0x00000000f3f00000, 0x0000000100000000)
  eden space 247296K, 0% used [0x00000000e0000000,0x00000000e0000000,0x00000000ef180000)
  from space 16384K, 99% used [0x00000000f0780000,0x00000000f1779180,0x00000000f1780000)
  to   space 22528K, 0% used [0x00000000ef180000,0x00000000ef180000,0x00000000f0780000)
 ParOldGen       total 128512K, used 26305K [0x00000000a0000000, 0x00000000a7d80000, 0x00000000e0000000)
  object space 128512K, 20% used [0x00000000a0000000,0x00000000a19b0638,0x00000000a7d80000)
 Metaspace       used 51190K, capacity 52556K, committed 52864K, reserved 1095680K
  class space    used 6867K, capacity 7209K, committed 7296K, reserved 1048576K
}
Event: 9.551 GC heap before
{Heap before GC invocations=9 (full 2):
 PSYoungGen      total 263680K, used 93395K [0x00000000e0000000, 0x00000000f3f00000, 0x0000000100000000)
  eden space 247296K, 31% used [0x00000000e0000000,0x00000000e4b3bb98,0x00000000ef180000)
  from space 16384K, 99% used [0x00000000f0780000,0x00000000f1779180,0x00000000f1780000)
  to   space 22528K, 0% used [0x00000000ef180000,0x00000000ef180000,0x00000000f0780000)
 ParOldGen       total 128512K, used 26305K [0x00000000a0000000, 0x00000000a7d80000, 0x00000000e0000000)
  object space 128512K, 20% used [0x00000000a0000000,0x00000000a19b0638,0x00000000a7d80000)
 Metaspace       used 57417K, capacity 59062K, committed 59096K, reserved 1099776K
  class space    used 7762K, capacity 8164K, committed 8192K, reserved 1048576K
Event: 9.575 GC heap after
Heap after GC invocations=9 (full 2):
 PSYoungGen      total 269824K, used 18703K [0x00000000e0000000, 0x00000000f8880000, 0x0000000100000000)
  eden space 247296K, 0% used [0x00000000e0000000,0x00000000e0000000,0x00000000ef180000)
  from space 22528K, 83% used [0x00000000ef180000,0x00000000f03c3c78,0x00000000f0780000)
  to   space 24576K, 0% used [0x00000000f7080000,0x00000000f7080000,0x00000000f8880000)
 ParOldGen       total 128512K, used 26377K [0x00000000a0000000, 0x00000000a7d80000, 0x00000000e0000000)
  object space 128512K, 20% used [0x00000000a0000000,0x00000000a19c2648,0x00000000a7d80000)
 Metaspace       used 57417K, capacity 59062K, committed 59096K, reserved 1099776K
  class space    used 7762K, capacity 8164K, committed 8192K, reserved 1048576K
}
Event: 9.575 GC heap before
{Heap before GC invocations=10 (full 3):
 PSYoungGen      total 269824K, used 18703K [0x00000000e0000000, 0x00000000f8880000, 0x0000000100000000)
  eden space 247296K, 0% used [0x00000000e0000000,0x00000000e0000000,0x00000000ef180000)
  from space 22528K, 83% used [0x00000000ef180000,0x00000000f03c3c78,0x00000000f0780000)
  to   space 24576K, 0% used [0x00000000f7080000,0x00000000f7080000,0x00000000f8880000)
 ParOldGen       total 128512K, used 26377K [0x00000000a0000000, 0x00000000a7d80000, 0x00000000e0000000)
  object space 128512K, 20% used [0x00000000a0000000,0x00000000a19c2648,0x00000000a7d80000)
 Metaspace       used 57417K, capacity 59062K, committed 59096K, reserved 1099776K
  class space    used 7762K, capacity 8164K, committed 8192K, reserved 1048576K
Event: 9.728 GC heap after
Heap after GC invocations=10 (full 3):
 PSYoungGen      total 269824K, used 0K [0x00000000e0000000, 0x00000000f8880000, 0x0000000100000000)
  eden space 247296K, 0% used [0x00000000e0000000,0x00000000e0000000,0x00000000ef180000)
  from space 22528K, 0% used [0x00000000ef180000,0x00000000ef180000,0x00000000f0780000)
  to   space 24576K, 0% used [0x00000000f7080000,0x00000000f7080000,0x00000000f8880000)
 ParOldGen       total 128512K, used 33438K [0x00000000a0000000, 0x00000000a7d80000, 0x00000000e0000000)
  object space 128512K, 26% used [0x00000000a0000000,0x00000000a20a79f8,0x00000000a7d80000)
 Metaspace       used 57417K, capacity 59062K, committed 59096K, reserved 1099776K
  class space    used 7762K, capacity 8164K, committed 8192K, reserved 1048576K
}
Event: 13.522 GC heap before
{Heap before GC invocations=11 (full 3):
 PSYoungGen      total 269824K, used 247296K [0x00000000e0000000, 0x00000000f8880000, 0x0000000100000000)
  eden space 247296K, 100% used [0x00000000e0000000,0x00000000ef180000,0x00000000ef180000)
  from space 22528K, 0% used [0x00000000ef180000,0x00000000ef180000,0x00000000f0780000)
  to   space 24576K, 0% used [0x00000000f7080000,0x00000000f7080000,0x00000000f8880000)
 ParOldGen       total 128512K, used 33438K [0x00000000a0000000, 0x00000000a7d80000, 0x00000000e0000000)
  object space 128512K, 26% used [0x00000000a0000000,0x00000000a20a79f8,0x00000000a7d80000)
 Metaspace       used 64867K, capacity 67016K, committed 67160K, reserved 1107968K
  class space    used 8787K, capacity 9233K, committed 9344K, reserved 1048576K
Event: 13.549 GC heap after
Heap after GC invocations=11 (full 3):
 PSYoungGen      total 364544K, used 24561K [0x00000000e0000000, 0x00000000f8880000, 0x0000000100000000)
  eden space 339968K, 0% used [0x00000000e0000000,0x00000000e0000000,0x00000000f4c00000)
  from space 24576K, 99% used [0x00000000f7080000,0x00000000f887c408,0x00000000f8880000)
  to   space 29184K, 0% used [0x00000000f4f80000,0x00000000f4f80000,0x00000000f6c00000)
 ParOldGen       total 128512K, used 35432K [0x00000000a0000000, 0x00000000a7d80000, 0x00000000e0000000)
  object space 128512K, 27% used [0x00000000a0000000,0x00000000a229a048,0x00000000a7d80000)
 Metaspace       used 64867K, capacity 67016K, committed 67160K, reserved 1107968K
  class space    used 8787K, capacity 9233K, committed 9344K, reserved 1048576K
}
Event: 44.971 GC heap before
{Heap before GC invocations=12 (full 3):
 PSYoungGen      total 364544K, used 364529K [0x00000000e0000000, 0x00000000f8880000, 0x0000000100000000)
  eden space 339968K, 100% used [0x00000000e0000000,0x00000000f4c00000,0x00000000f4c00000)
  from space 24576K, 99% used [0x00000000f7080000,0x00000000f887c408,0x00000000f8880000)
  to   space 29184K, 0% used [0x00000000f4f80000,0x00000000f4f80000,0x00000000f6c00000)
 ParOldGen       total 128512K, used 35432K [0x00000000a0000000, 0x00000000a7d80000, 0x00000000e0000000)
  object space 128512K, 27% used [0x00000000a0000000,0x00000000a229a048,0x00000000a7d80000)
 Metaspace       used 70147K, capacity 72688K, committed 72920K, reserved 1112064K
  class space    used 9186K, capacity 9715K, committed 9728K, reserved 1048576K
Event: 45.007 GC heap after
Heap after GC invocations=12 (full 3):
 PSYoungGen      total 369152K, used 29183K [0x00000000e0000000, 0x00000000f8880000, 0x0000000100000000)
  eden space 339968K, 0% used [0x00000000e0000000,0x00000000e0000000,0x00000000f4c00000)
  from space 29184K, 99% used [0x00000000f4f80000,0x00000000f6bffdc8,0x00000000f6c00000)
  to   space 24576K, 0% used [0x00000000f7080000,0x00000000f7080000,0x00000000f8880000)
 ParOldGen       total 128512K, used 41411K [0x00000000a0000000, 0x00000000a7d80000, 0x00000000e0000000)
  object space 128512K, 32% used [0x00000000a0000000,0x00000000a2870f88,0x00000000a7d80000)
 Metaspace       used 70147K, capacity 72688K, committed 72920K, reserved 1112064K
  class space    used 9186K, capacity 9715K, committed 9728K, reserved 1048576K
}

