# JRE version: OpenJDK Runtime Environment (8.0_202-b03) (build 1.8.0_202-release-1483-b03)
# Java VM: OpenJDK 64-Bit Server VM (25.202-b03 mixed mode windows-amd64 compressed oops)
Heap:
 PSYoungGen      total 486912K, used 484615K [0x00000000e0000000, 0x0000000100000000, 0x0000000100000000)
  eden space 455680K, 100% used [0x00000000e0000000,0x00000000fbd00000,0x00000000fbd00000)
  from space 31232K, 92% used [0x00000000fe180000,0x00000000ffdc1d50,0x0000000100000000)
  to   space 34304K, 0% used [0x00000000fbd00000,0x00000000fbd00000,0x00000000fde80000)
 ParOldGen       total 138752K, used 33008K [0x00000000a0000000, 0x00000000a8780000, 0x00000000e0000000)
  object space 138752K, 23% used [0x00000000a0000000,0x00000000a203c3e8,0x00000000a8780000)
 Metaspace       used 77474K, capacity 80452K, committed 80600K, reserved 1120256K
  class space    used 10107K, capacity 10703K, committed 10752K, reserved 1048576K
GC Heap History (10 events):
Event: 32.846 GC heap before
{Heap before GC invocations=9 (full 2):
 PSYoungGen      total 330752K, used 89070K [0x00000000e0000000, 0x00000000f6080000, 0x0000000100000000)
  eden space 313856K, 23% used [0x00000000e0000000,0x00000000e467fc20,0x00000000f3280000)
  from space 16896K, 99% used [0x00000000f4f00000,0x00000000f5f7bd60,0x00000000f5f80000)
  to   space 23552K, 0% used [0x00000000f3280000,0x00000000f3280000,0x00000000f4980000)
 ParOldGen       total 103936K, used 27607K [0x00000000a0000000, 0x00000000a6580000, 0x00000000e0000000)
  object space 103936K, 26% used [0x00000000a0000000,0x00000000a1af5fc0,0x00000000a6580000)
 Metaspace       used 57381K, capacity 58976K, committed 59028K, reserved 1099776K
  class space    used 7754K, capacity 8153K, committed 8192K, reserved 1048576K
Event: 32.901 GC heap after
Heap after GC invocations=9 (full 2):
 PSYoungGen      total 337408K, used 17847K [0x00000000e0000000, 0x0000000100000000, 0x0000000100000000)
  eden space 313856K, 0% used [0x00000000e0000000,0x00000000e0000000,0x00000000f3280000)
  from space 23552K, 75% used [0x00000000f3280000,0x00000000f43edf18,0x00000000f4980000)
  to   space 25088K, 0% used [0x00000000fe780000,0x00000000fe780000,0x0000000100000000)
 ParOldGen       total 103936K, used 27679K [0x00000000a0000000, 0x00000000a6580000, 0x00000000e0000000)
  object space 103936K, 26% used [0x00000000a0000000,0x00000000a1b07fd0,0x00000000a6580000)
 Metaspace       used 57381K, capacity 58976K, committed 59028K, reserved 1099776K
  class space    used 7754K, capacity 8153K, committed 8192K, reserved 1048576K
}
Event: 32.901 GC heap before
{Heap before GC invocations=10 (full 3):
 PSYoungGen      total 337408K, used 17847K [0x00000000e0000000, 0x0000000100000000, 0x0000000100000000)
  eden space 313856K, 0% used [0x00000000e0000000,0x00000000e0000000,0x00000000f3280000)
  from space 23552K, 75% used [0x00000000f3280000,0x00000000f43edf18,0x00000000f4980000)
  to   space 25088K, 0% used [0x00000000fe780000,0x00000000fe780000,0x0000000100000000)
 ParOldGen       total 103936K, used 27679K [0x00000000a0000000, 0x00000000a6580000, 0x00000000e0000000)
  object space 103936K, 26% used [0x00000000a0000000,0x00000000a1b07fd0,0x00000000a6580000)
 Metaspace       used 57381K, capacity 58976K, committed 59028K, reserved 1099776K
  class space    used 7754K, capacity 8153K, committed 8192K, reserved 1048576K
Event: 33.214 GC heap after
Heap after GC invocations=10 (full 3):
 PSYoungGen      total 337408K, used 0K [0x00000000e0000000, 0x0000000100000000, 0x0000000100000000)
  eden space 313856K, 0% used [0x00000000e0000000,0x00000000e0000000,0x00000000f3280000)
  from space 23552K, 0% used [0x00000000f3280000,0x00000000f3280000,0x00000000f4980000)
  to   space 25088K, 0% used [0x00000000fe780000,0x00000000fe780000,0x0000000100000000)
 ParOldGen       total 138752K, used 32984K [0x00000000a0000000, 0x00000000a8780000, 0x00000000e0000000)
  object space 138752K, 23% used [0x00000000a0000000,0x00000000a20363e8,0x00000000a8780000)
 Metaspace       used 57381K, capacity 58976K, committed 59028K, reserved 1099776K
  class space    used 7754K, capacity 8153K, committed 8192K, reserved 1048576K
}
Event: 234.913 GC heap before
{Heap before GC invocations=11 (full 3):
 PSYoungGen      total 337408K, used 313856K [0x00000000e0000000, 0x0000000100000000, 0x0000000100000000)
  eden space 313856K, 100% used [0x00000000e0000000,0x00000000f3280000,0x00000000f3280000)
  from space 23552K, 0% used [0x00000000f3280000,0x00000000f3280000,0x00000000f4980000)
  to   space 25088K, 0% used [0x00000000fe780000,0x00000000fe780000,0x0000000100000000)
 ParOldGen       total 138752K, used 32984K [0x00000000a0000000, 0x00000000a8780000, 0x00000000e0000000)
  object space 138752K, 23% used [0x00000000a0000000,0x00000000a20363e8,0x00000000a8780000)
 Metaspace       used 68276K, capacity 70442K, committed 70616K, reserved 1110016K
  class space    used 8943K, capacity 9432K, committed 9472K, reserved 1048576K
Event: 234.957 GC heap after
Heap after GC invocations=11 (full 3):
 PSYoungGen      total 492032K, used 24521K [0x00000000e0000000, 0x0000000100000000, 0x0000000100000000)
  eden space 466944K, 0% used [0x00000000e0000000,0x00000000e0000000,0x00000000fc800000)
  from space 25088K, 97% used [0x00000000fe780000,0x00000000fff72558,0x0000000100000000)
  to   space 28672K, 0% used [0x00000000fc800000,0x00000000fc800000,0x00000000fe400000)
 ParOldGen       total 138752K, used 32992K [0x00000000a0000000, 0x00000000a8780000, 0x00000000e0000000)
  object space 138752K, 23% used [0x00000000a0000000,0x00000000a20383e8,0x00000000a8780000)
 Metaspace       used 68276K, capacity 70442K, committed 70616K, reserved 1110016K
  class space    used 8943K, capacity 9432K, committed 9472K, reserved 1048576K
}
Event: 243.517 GC heap before
{Heap before GC invocations=12 (full 3):
 PSYoungGen      total 492032K, used 491465K [0x00000000e0000000, 0x0000000100000000, 0x0000000100000000)
  eden space 466944K, 100% used [0x00000000e0000000,0x00000000fc800000,0x00000000fc800000)
  from space 25088K, 97% used [0x00000000fe780000,0x00000000fff72558,0x0000000100000000)
  to   space 28672K, 0% used [0x00000000fc800000,0x00000000fc800000,0x00000000fe400000)
 ParOldGen       total 138752K, used 32992K [0x00000000a0000000, 0x00000000a8780000, 0x00000000e0000000)
  object space 138752K, 23% used [0x00000000a0000000,0x00000000a20383e8,0x00000000a8780000)
 Metaspace       used 76736K, capacity 79634K, committed 79832K, reserved 1118208K
  class space    used 10086K, capacity 10660K, committed 10752K, reserved 1048576K
Event: 243.563 GC heap after
Heap after GC invocations=12 (full 3):
 PSYoungGen      total 492032K, used 25079K [0x00000000e0000000, 0x0000000100000000, 0x0000000100000000)
  eden space 466944K, 0% used [0x00000000e0000000,0x00000000e0000000,0x00000000fc800000)
  from space 25088K, 99% used [0x00000000fc800000,0x00000000fe07def8,0x00000000fe080000)
  to   space 31232K, 0% used [0x00000000fe180000,0x00000000fe180000,0x0000000100000000)
 ParOldGen       total 138752K, used 33008K [0x00000000a0000000, 0x00000000a8780000, 0x00000000e0000000)
  object space 138752K, 23% used [0x00000000a0000000,0x00000000a203c3e8,0x00000000a8780000)
 Metaspace       used 76736K, capacity 79634K, committed 79832K, reserved 1118208K
  class space    used 10086K, capacity 10660K, committed 10752K, reserved 1048576K
}
Event: 246.127 GC heap before
{Heap before GC invocations=13 (full 3):
 PSYoungGen      total 492032K, used 492023K [0x00000000e0000000, 0x0000000100000000, 0x0000000100000000)
  eden space 466944K, 100% used [0x00000000e0000000,0x00000000fc800000,0x00000000fc800000)
  from space 25088K, 99% used [0x00000000fc800000,0x00000000fe07def8,0x00000000fe080000)
  to   space 31232K, 0% used [0x00000000fe180000,0x00000000fe180000,0x0000000100000000)
 ParOldGen       total 138752K, used 33008K [0x00000000a0000000, 0x00000000a8780000, 0x00000000e0000000)
  object space 138752K, 23% used [0x00000000a0000000,0x00000000a203c3e8,0x00000000a8780000)
 Metaspace       used 77058K, capacity 79938K, committed 80088K, reserved 1118208K
  class space    used 10105K, capacity 10700K, committed 10752K, reserved 1048576K
Event: 246.243 GC heap after
Heap after GC invocations=13 (full 3):
 PSYoungGen      total 486912K, used 28935K [0x00000000e0000000, 0x0000000100000000, 0x0000000100000000)
  eden space 455680K, 0% used [0x00000000e0000000,0x00000000e0000000,0x00000000fbd00000)
  from space 31232K, 92% used [0x00000000fe180000,0x00000000ffdc1d50,0x0000000100000000)
  to   space 34304K, 0% used [0x00000000fbd00000,0x00000000fbd00000,0x00000000fde80000)
 ParOldGen       total 138752K, used 33008K [0x00000000a0000000, 0x00000000a8780000, 0x00000000e0000000)
  object space 138752K, 23% used [0x00000000a0000000,0x00000000a203c3e8,0x00000000a8780000)
 Metaspace       used 77058K, capacity 79938K, committed 80088K, reserved 1118208K
  class space    used 10105K, capacity 10700K, committed 10752K, reserved 1048576K
}

